{"C:\\Users\\yasir\\OneDrive\\Desktop\\React-work\\apple-calculator-reactjs\\src\\App.tsx": {"path":"C:\\Users\\yasir\\OneDrive\\Desktop\\React-work\\apple-calculator-reactjs\\src\\App.tsx","all":false,"statementMap":{"0":{"start":{"line":1,"column":0},"end":{"line":1,"column":49}},"2":{"start":{"line":3,"column":0},"end":{"line":3,"column":16}},"3":{"start":{"line":4,"column":0},"end":{"line":4,"column":10}},"4":{"start":{"line":5,"column":0},"end":{"line":5,"column":25}},"5":{"start":{"line":6,"column":0},"end":{"line":6,"column":20}},"6":{"start":{"line":7,"column":0},"end":{"line":7,"column":10}},"8":{"start":{"line":9,"column":0},"end":{"line":9,"column":1}},"10":{"start":{"line":11,"column":0},"end":{"line":11,"column":19}}},"s":{"0":1,"2":1,"3":1,"4":1,"5":1,"6":1,"8":1,"10":1},"branchMap":{"0":{"type":"branch","line":3,"loc":{"start":{"line":3,"column":0},"end":{"line":9,"column":1}},"locations":[{"start":{"line":3,"column":0},"end":{"line":9,"column":1}}]}},"b":{"0":[1]},"fnMap":{"0":{"name":"App","decl":{"start":{"line":3,"column":0},"end":{"line":9,"column":1}},"loc":{"start":{"line":3,"column":0},"end":{"line":9,"column":1}},"line":3}},"f":{"0":1}}
,"C:\\Users\\yasir\\OneDrive\\Desktop\\React-work\\apple-calculator-reactjs\\src\\main.tsx": {"path":"C:\\Users\\yasir\\OneDrive\\Desktop\\React-work\\apple-calculator-reactjs\\src\\main.tsx","all":true,"statementMap":{"0":{"start":{"line":1,"column":0},"end":{"line":1,"column":34}},"1":{"start":{"line":2,"column":0},"end":{"line":2,"column":45}},"2":{"start":{"line":3,"column":0},"end":{"line":3,"column":20}},"3":{"start":{"line":4,"column":0},"end":{"line":4,"column":27}},"5":{"start":{"line":6,"column":0},"end":{"line":6,"column":52}},"6":{"start":{"line":7,"column":0},"end":{"line":7,"column":14}},"7":{"start":{"line":8,"column":0},"end":{"line":8,"column":11}},"8":{"start":{"line":9,"column":0},"end":{"line":9,"column":16}},"9":{"start":{"line":10,"column":0},"end":{"line":10,"column":1}}},"s":{"0":0,"1":0,"2":0,"3":0,"5":0,"6":0,"7":0,"8":0,"9":0},"branchMap":{"0":{"type":"branch","line":1,"loc":{"start":{"line":1,"column":203},"end":{"line":10,"column":-148}},"locations":[{"start":{"line":1,"column":203},"end":{"line":10,"column":-148}}]}},"b":{"0":[0]},"fnMap":{"0":{"name":"(empty-report)","decl":{"start":{"line":1,"column":203},"end":{"line":10,"column":-148}},"loc":{"start":{"line":1,"column":203},"end":{"line":10,"column":-148}},"line":1}},"f":{"0":0}}
,"C:\\Users\\yasir\\OneDrive\\Desktop\\React-work\\apple-calculator-reactjs\\src\\components\\Calculator.tsx": {"path":"C:\\Users\\yasir\\OneDrive\\Desktop\\React-work\\apple-calculator-reactjs\\src\\components\\Calculator.tsx","all":false,"statementMap":{"1":{"start":{"line":2,"column":0},"end":{"line":2,"column":33}},"2":{"start":{"line":3,"column":0},"end":{"line":3,"column":34}},"4":{"start":{"line":5,"column":0},"end":{"line":5,"column":39}},"5":{"start":{"line":6,"column":0},"end":{"line":6,"column":29}},"7":{"start":{"line":8,"column":0},"end":{"line":8,"column":38}},"8":{"start":{"line":9,"column":0},"end":{"line":9,"column":46}},"9":{"start":{"line":10,"column":0},"end":{"line":10,"column":61}},"10":{"start":{"line":11,"column":0},"end":{"line":11,"column":51}},"12":{"start":{"line":13,"column":0},"end":{"line":13,"column":41}},"13":{"start":{"line":14,"column":0},"end":{"line":14,"column":53}},"14":{"start":{"line":15,"column":0},"end":{"line":15,"column":20}},"15":{"start":{"line":16,"column":0},"end":{"line":16,"column":24}},"16":{"start":{"line":17,"column":0},"end":{"line":17,"column":25}},"17":{"start":{"line":18,"column":0},"end":{"line":18,"column":14}},"18":{"start":{"line":19,"column":0},"end":{"line":19,"column":24}},"19":{"start":{"line":20,"column":0},"end":{"line":20,"column":7}},"20":{"start":{"line":21,"column":0},"end":{"line":21,"column":26}},"21":{"start":{"line":22,"column":0},"end":{"line":22,"column":12}},"22":{"start":{"line":23,"column":0},"end":{"line":23,"column":24}},"23":{"start":{"line":24,"column":0},"end":{"line":24,"column":42}},"24":{"start":{"line":25,"column":0},"end":{"line":25,"column":34}},"25":{"start":{"line":26,"column":0},"end":{"line":26,"column":35}},"26":{"start":{"line":27,"column":0},"end":{"line":27,"column":24}},"27":{"start":{"line":28,"column":0},"end":{"line":28,"column":14}},"28":{"start":{"line":29,"column":0},"end":{"line":29,"column":34}},"29":{"start":{"line":30,"column":0},"end":{"line":30,"column":7}},"30":{"start":{"line":31,"column":0},"end":{"line":31,"column":5}},"31":{"start":{"line":32,"column":0},"end":{"line":32,"column":4}},"33":{"start":{"line":34,"column":0},"end":{"line":34,"column":42}},"34":{"start":{"line":35,"column":0},"end":{"line":35,"column":33}},"35":{"start":{"line":36,"column":0},"end":{"line":36,"column":40}},"38":{"start":{"line":39,"column":0},"end":{"line":39,"column":8}},"39":{"start":{"line":40,"column":0},"end":{"line":40,"column":35}},"40":{"start":{"line":41,"column":0},"end":{"line":41,"column":65}},"41":{"start":{"line":42,"column":0},"end":{"line":42,"column":7}},"42":{"start":{"line":43,"column":0},"end":{"line":43,"column":39}},"43":{"start":{"line":44,"column":0},"end":{"line":44,"column":5}},"46":{"start":{"line":47,"column":0},"end":{"line":47,"column":8}},"47":{"start":{"line":48,"column":0},"end":{"line":48,"column":33}},"48":{"start":{"line":49,"column":0},"end":{"line":49,"column":65}},"49":{"start":{"line":50,"column":0},"end":{"line":50,"column":7}},"50":{"start":{"line":51,"column":0},"end":{"line":51,"column":51}},"51":{"start":{"line":52,"column":0},"end":{"line":52,"column":12}},"52":{"start":{"line":53,"column":0},"end":{"line":53,"column":29}},"53":{"start":{"line":54,"column":0},"end":{"line":54,"column":5}},"55":{"start":{"line":56,"column":0},"end":{"line":56,"column":33}},"56":{"start":{"line":57,"column":0},"end":{"line":57,"column":23}},"57":{"start":{"line":58,"column":0},"end":{"line":58,"column":4}},"59":{"start":{"line":60,"column":0},"end":{"line":60,"column":60}},"60":{"start":{"line":61,"column":0},"end":{"line":61,"column":32}},"61":{"start":{"line":62,"column":0},"end":{"line":62,"column":29}},"63":{"start":{"line":64,"column":0},"end":{"line":64,"column":31}},"64":{"start":{"line":65,"column":0},"end":{"line":65,"column":38}},"65":{"start":{"line":66,"column":0},"end":{"line":66,"column":39}},"66":{"start":{"line":67,"column":0},"end":{"line":67,"column":14}},"67":{"start":{"line":68,"column":0},"end":{"line":68,"column":15}},"68":{"start":{"line":69,"column":0},"end":{"line":69,"column":27}},"69":{"start":{"line":70,"column":0},"end":{"line":70,"column":68}},"70":{"start":{"line":71,"column":0},"end":{"line":71,"column":11}},"71":{"start":{"line":72,"column":0},"end":{"line":72,"column":38}},"72":{"start":{"line":73,"column":0},"end":{"line":73,"column":9}},"73":{"start":{"line":74,"column":0},"end":{"line":74,"column":24}},"74":{"start":{"line":75,"column":0},"end":{"line":75,"column":7}},"75":{"start":{"line":76,"column":0},"end":{"line":76,"column":7}},"77":{"start":{"line":78,"column":0},"end":{"line":78,"column":28}},"78":{"start":{"line":79,"column":0},"end":{"line":79,"column":34}},"79":{"start":{"line":80,"column":0},"end":{"line":80,"column":5}},"81":{"start":{"line":82,"column":0},"end":{"line":82,"column":21}},"82":{"start":{"line":83,"column":0},"end":{"line":83,"column":4}},"84":{"start":{"line":85,"column":0},"end":{"line":85,"column":47}},"85":{"start":{"line":86,"column":0},"end":{"line":86,"column":37}},"87":{"start":{"line":88,"column":0},"end":{"line":88,"column":63}},"88":{"start":{"line":89,"column":0},"end":{"line":89,"column":28}},"89":{"start":{"line":90,"column":0},"end":{"line":90,"column":28}},"90":{"start":{"line":91,"column":0},"end":{"line":91,"column":26}},"92":{"start":{"line":93,"column":0},"end":{"line":93,"column":17}},"93":{"start":{"line":94,"column":0},"end":{"line":94,"column":15}},"94":{"start":{"line":95,"column":0},"end":{"line":95,"column":27}},"95":{"start":{"line":96,"column":0},"end":{"line":96,"column":14}},"96":{"start":{"line":97,"column":0},"end":{"line":97,"column":15}},"97":{"start":{"line":98,"column":0},"end":{"line":98,"column":27}},"98":{"start":{"line":99,"column":0},"end":{"line":99,"column":14}},"99":{"start":{"line":100,"column":0},"end":{"line":100,"column":15}},"100":{"start":{"line":101,"column":0},"end":{"line":101,"column":27}},"101":{"start":{"line":102,"column":0},"end":{"line":102,"column":14}},"102":{"start":{"line":103,"column":0},"end":{"line":103,"column":15}},"103":{"start":{"line":104,"column":0},"end":{"line":104,"column":27}},"104":{"start":{"line":105,"column":0},"end":{"line":105,"column":14}},"105":{"start":{"line":106,"column":0},"end":{"line":106,"column":5}},"106":{"start":{"line":107,"column":0},"end":{"line":107,"column":4}},"108":{"start":{"line":109,"column":0},"end":{"line":109,"column":27}},"109":{"start":{"line":110,"column":0},"end":{"line":110,"column":53}},"110":{"start":{"line":111,"column":0},"end":{"line":111,"column":9}},"111":{"start":{"line":112,"column":0},"end":{"line":112,"column":57}},"112":{"start":{"line":113,"column":0},"end":{"line":113,"column":36}},"113":{"start":{"line":114,"column":0},"end":{"line":114,"column":13}},"114":{"start":{"line":115,"column":0},"end":{"line":115,"column":26}},"115":{"start":{"line":116,"column":0},"end":{"line":116,"column":5}},"116":{"start":{"line":117,"column":0},"end":{"line":117,"column":22}},"117":{"start":{"line":118,"column":0},"end":{"line":118,"column":23}},"118":{"start":{"line":119,"column":0},"end":{"line":119,"column":4}},"120":{"start":{"line":121,"column":0},"end":{"line":121,"column":29}},"121":{"start":{"line":122,"column":0},"end":{"line":122,"column":20}},"122":{"start":{"line":123,"column":0},"end":{"line":123,"column":22}},"123":{"start":{"line":124,"column":0},"end":{"line":124,"column":23}},"124":{"start":{"line":125,"column":0},"end":{"line":125,"column":4}},"126":{"start":{"line":127,"column":0},"end":{"line":127,"column":34}},"127":{"start":{"line":128,"column":0},"end":{"line":128,"column":38}},"128":{"start":{"line":129,"column":0},"end":{"line":129,"column":41}},"129":{"start":{"line":130,"column":0},"end":{"line":130,"column":4}},"131":{"start":{"line":132,"column":0},"end":{"line":132,"column":33}},"132":{"start":{"line":133,"column":0},"end":{"line":133,"column":38}},"133":{"start":{"line":134,"column":0},"end":{"line":134,"column":40}},"134":{"start":{"line":135,"column":0},"end":{"line":135,"column":4}},"136":{"start":{"line":137,"column":0},"end":{"line":137,"column":10}},"137":{"start":{"line":138,"column":0},"end":{"line":138,"column":51}},"138":{"start":{"line":139,"column":0},"end":{"line":139,"column":53}},"139":{"start":{"line":140,"column":0},"end":{"line":140,"column":17}},"140":{"start":{"line":141,"column":0},"end":{"line":141,"column":12}},"141":{"start":{"line":142,"column":0},"end":{"line":142,"column":31}},"142":{"start":{"line":143,"column":0},"end":{"line":143,"column":59}},"144":{"start":{"line":145,"column":0},"end":{"line":145,"column":17}},"145":{"start":{"line":146,"column":0},"end":{"line":146,"column":63}},"147":{"start":{"line":148,"column":0},"end":{"line":148,"column":17}},"148":{"start":{"line":149,"column":0},"end":{"line":149,"column":64}},"150":{"start":{"line":151,"column":0},"end":{"line":151,"column":17}},"151":{"start":{"line":152,"column":0},"end":{"line":152,"column":73}},"153":{"start":{"line":154,"column":0},"end":{"line":154,"column":17}},"155":{"start":{"line":156,"column":0},"end":{"line":156,"column":69}},"157":{"start":{"line":158,"column":0},"end":{"line":158,"column":17}},"158":{"start":{"line":159,"column":0},"end":{"line":159,"column":69}},"160":{"start":{"line":161,"column":0},"end":{"line":161,"column":17}},"161":{"start":{"line":162,"column":0},"end":{"line":162,"column":69}},"163":{"start":{"line":164,"column":0},"end":{"line":164,"column":17}},"164":{"start":{"line":165,"column":0},"end":{"line":165,"column":73}},"166":{"start":{"line":167,"column":0},"end":{"line":167,"column":17}},"168":{"start":{"line":169,"column":0},"end":{"line":169,"column":69}},"170":{"start":{"line":171,"column":0},"end":{"line":171,"column":17}},"171":{"start":{"line":172,"column":0},"end":{"line":172,"column":69}},"173":{"start":{"line":174,"column":0},"end":{"line":174,"column":17}},"174":{"start":{"line":175,"column":0},"end":{"line":175,"column":69}},"176":{"start":{"line":177,"column":0},"end":{"line":177,"column":17}},"177":{"start":{"line":178,"column":0},"end":{"line":178,"column":73}},"179":{"start":{"line":180,"column":0},"end":{"line":180,"column":17}},"181":{"start":{"line":182,"column":0},"end":{"line":182,"column":69}},"183":{"start":{"line":184,"column":0},"end":{"line":184,"column":17}},"184":{"start":{"line":185,"column":0},"end":{"line":185,"column":69}},"186":{"start":{"line":187,"column":0},"end":{"line":187,"column":17}},"187":{"start":{"line":188,"column":0},"end":{"line":188,"column":69}},"189":{"start":{"line":190,"column":0},"end":{"line":190,"column":17}},"190":{"start":{"line":191,"column":0},"end":{"line":191,"column":73}},"192":{"start":{"line":193,"column":0},"end":{"line":193,"column":17}},"194":{"start":{"line":195,"column":0},"end":{"line":195,"column":74}},"196":{"start":{"line":197,"column":0},"end":{"line":197,"column":17}},"197":{"start":{"line":198,"column":0},"end":{"line":198,"column":69}},"199":{"start":{"line":200,"column":0},"end":{"line":200,"column":17}},"200":{"start":{"line":201,"column":0},"end":{"line":201,"column":57}},"202":{"start":{"line":203,"column":0},"end":{"line":203,"column":17}},"203":{"start":{"line":204,"column":0},"end":{"line":204,"column":12}},"204":{"start":{"line":205,"column":0},"end":{"line":205,"column":10}},"206":{"start":{"line":207,"column":0},"end":{"line":207,"column":1}}},"s":{"1":1,"2":1,"4":1,"5":1,"7":47,"8":47,"9":47,"10":47,"12":47,"13":22,"14":22,"15":16,"16":1,"17":16,"18":15,"19":15,"20":16,"21":22,"22":6,"23":1,"24":1,"25":6,"26":1,"27":5,"28":4,"29":4,"30":6,"31":22,"33":47,"34":6,"35":6,"38":6,"39":6,"40":2,"41":6,"42":6,"43":6,"46":6,"47":6,"48":6,"49":6,"50":0,"51":6,"52":6,"53":6,"55":6,"56":6,"57":6,"59":47,"60":4,"61":4,"63":4,"64":16,"65":10,"66":16,"67":6,"68":6,"69":2,"70":6,"71":1,"72":1,"73":6,"74":6,"75":4,"77":4,"78":5,"79":5,"81":4,"82":4,"84":47,"85":4,"87":47,"88":6,"89":6,"90":6,"92":6,"93":6,"94":2,"95":2,"96":6,"97":1,"98":1,"99":6,"100":2,"101":2,"102":6,"103":1,"104":1,"105":6,"106":6,"108":47,"109":4,"110":4,"111":4,"112":4,"113":4,"114":0,"115":0,"116":4,"117":4,"118":4,"120":47,"121":1,"122":1,"123":1,"124":1,"126":47,"127":1,"128":1,"129":1,"131":47,"132":1,"133":1,"134":1,"136":47,"137":47,"138":47,"139":47,"140":47,"141":47,"142":47,"144":47,"145":47,"147":47,"148":47,"150":47,"151":47,"153":47,"155":47,"157":47,"158":47,"160":47,"161":47,"163":47,"164":47,"166":47,"168":47,"170":47,"171":47,"173":47,"174":47,"176":47,"177":47,"179":47,"181":47,"183":47,"184":47,"186":47,"187":47,"189":47,"190":47,"192":47,"194":47,"196":47,"197":47,"199":47,"200":47,"202":47,"203":47,"204":47,"206":47},"branchMap":{"0":{"type":"branch","line":8,"loc":{"start":{"line":8,"column":0},"end":{"line":207,"column":1}},"locations":[{"start":{"line":8,"column":0},"end":{"line":207,"column":1}}]},"1":{"type":"branch","line":13,"loc":{"start":{"line":13,"column":23},"end":{"line":32,"column":4}},"locations":[{"start":{"line":13,"column":23},"end":{"line":32,"column":4}}]},"2":{"type":"branch","line":14,"loc":{"start":{"line":14,"column":46},"end":{"line":14,"column":53}},"locations":[{"start":{"line":14,"column":46},"end":{"line":14,"column":53}}]},"3":{"type":"branch","line":15,"loc":{"start":{"line":15,"column":19},"end":{"line":22,"column":11}},"locations":[{"start":{"line":15,"column":19},"end":{"line":22,"column":11}}]},"4":{"type":"branch","line":16,"loc":{"start":{"line":16,"column":23},"end":{"line":18,"column":13}},"locations":[{"start":{"line":16,"column":23},"end":{"line":18,"column":13}}]},"5":{"type":"branch","line":18,"loc":{"start":{"line":18,"column":6},"end":{"line":20,"column":7}},"locations":[{"start":{"line":18,"column":6},"end":{"line":20,"column":7}}]},"6":{"type":"branch","line":22,"loc":{"start":{"line":22,"column":4},"end":{"line":31,"column":5}},"locations":[{"start":{"line":22,"column":4},"end":{"line":31,"column":5}}]},"7":{"type":"branch","line":23,"loc":{"start":{"line":23,"column":23},"end":{"line":26,"column":17}},"locations":[{"start":{"line":23,"column":23},"end":{"line":26,"column":17}}]},"8":{"type":"branch","line":24,"loc":{"start":{"line":24,"column":35},"end":{"line":24,"column":42}},"locations":[{"start":{"line":24,"column":35},"end":{"line":24,"column":42}}]},"9":{"type":"branch","line":26,"loc":{"start":{"line":26,"column":6},"end":{"line":30,"column":7}},"locations":[{"start":{"line":26,"column":6},"end":{"line":30,"column":7}}]},"10":{"type":"branch","line":26,"loc":{"start":{"line":26,"column":34},"end":{"line":28,"column":13}},"locations":[{"start":{"line":26,"column":34},"end":{"line":28,"column":13}}]},"11":{"type":"branch","line":28,"loc":{"start":{"line":28,"column":6},"end":{"line":30,"column":7}},"locations":[{"start":{"line":28,"column":6},"end":{"line":30,"column":7}}]},"12":{"type":"branch","line":34,"loc":{"start":{"line":34,"column":25},"end":{"line":58,"column":4}},"locations":[{"start":{"line":34,"column":25},"end":{"line":58,"column":4}}]},"13":{"type":"branch","line":40,"loc":{"start":{"line":40,"column":31},"end":{"line":41,"column":65}},"locations":[{"start":{"line":40,"column":31},"end":{"line":41,"column":65}}]},"14":{"type":"branch","line":50,"loc":{"start":{"line":50,"column":6},"end":{"line":52,"column":11}},"locations":[{"start":{"line":50,"column":6},"end":{"line":52,"column":11}}]},"15":{"type":"branch","line":60,"loc":{"start":{"line":60,"column":29},"end":{"line":83,"column":4}},"locations":[{"start":{"line":60,"column":29},"end":{"line":83,"column":4}}]},"16":{"type":"branch","line":78,"loc":{"start":{"line":78,"column":27},"end":{"line":80,"column":5}},"locations":[{"start":{"line":78,"column":27},"end":{"line":80,"column":5}}]},"17":{"type":"branch","line":64,"loc":{"start":{"line":64,"column":19},"end":{"line":76,"column":5}},"locations":[{"start":{"line":64,"column":19},"end":{"line":76,"column":5}}]},"18":{"type":"branch","line":65,"loc":{"start":{"line":65,"column":37},"end":{"line":67,"column":13}},"locations":[{"start":{"line":65,"column":37},"end":{"line":67,"column":13}}]},"19":{"type":"branch","line":67,"loc":{"start":{"line":67,"column":6},"end":{"line":75,"column":7}},"locations":[{"start":{"line":67,"column":6},"end":{"line":75,"column":7}}]},"20":{"type":"branch","line":69,"loc":{"start":{"line":69,"column":23},"end":{"line":70,"column":68}},"locations":[{"start":{"line":69,"column":23},"end":{"line":70,"column":68}}]},"21":{"type":"branch","line":71,"loc":{"start":{"line":71,"column":10},"end":{"line":73,"column":9}},"locations":[{"start":{"line":71,"column":10},"end":{"line":73,"column":9}}]},"22":{"type":"branch","line":85,"loc":{"start":{"line":85,"column":24},"end":{"line":86,"column":37}},"locations":[{"start":{"line":85,"column":24},"end":{"line":86,"column":37}}]},"23":{"type":"branch","line":86,"loc":{"start":{"line":86,"column":11},"end":{"line":86,"column":31}},"locations":[{"start":{"line":86,"column":11},"end":{"line":86,"column":31}}]},"24":{"type":"branch","line":86,"loc":{"start":{"line":86,"column":25},"end":{"line":86,"column":35}},"locations":[{"start":{"line":86,"column":25},"end":{"line":86,"column":35}}]},"25":{"type":"branch","line":86,"loc":{"start":{"line":86,"column":31},"end":{"line":86,"column":37}},"locations":[{"start":{"line":86,"column":31},"end":{"line":86,"column":37}}]},"26":{"type":"branch","line":88,"loc":{"start":{"line":88,"column":25},"end":{"line":107,"column":4}},"locations":[{"start":{"line":88,"column":25},"end":{"line":107,"column":4}}]},"27":{"type":"branch","line":94,"loc":{"start":{"line":94,"column":6},"end":{"line":96,"column":14}},"locations":[{"start":{"line":94,"column":6},"end":{"line":96,"column":14}}]},"28":{"type":"branch","line":97,"loc":{"start":{"line":97,"column":6},"end":{"line":99,"column":14}},"locations":[{"start":{"line":97,"column":6},"end":{"line":99,"column":14}}]},"29":{"type":"branch","line":100,"loc":{"start":{"line":100,"column":6},"end":{"line":102,"column":14}},"locations":[{"start":{"line":100,"column":6},"end":{"line":102,"column":14}}]},"30":{"type":"branch","line":103,"loc":{"start":{"line":103,"column":6},"end":{"line":105,"column":14}},"locations":[{"start":{"line":103,"column":6},"end":{"line":105,"column":14}}]},"31":{"type":"branch","line":109,"loc":{"start":{"line":109,"column":20},"end":{"line":119,"column":4}},"locations":[{"start":{"line":109,"column":20},"end":{"line":119,"column":4}}]},"32":{"type":"branch","line":114,"loc":{"start":{"line":114,"column":4},"end":{"line":116,"column":5}},"locations":[{"start":{"line":114,"column":4},"end":{"line":116,"column":5}}]},"33":{"type":"branch","line":121,"loc":{"start":{"line":121,"column":22},"end":{"line":125,"column":4}},"locations":[{"start":{"line":121,"column":22},"end":{"line":125,"column":4}}]},"34":{"type":"branch","line":127,"loc":{"start":{"line":127,"column":27},"end":{"line":130,"column":4}},"locations":[{"start":{"line":127,"column":27},"end":{"line":130,"column":4}}]},"35":{"type":"branch","line":132,"loc":{"start":{"line":132,"column":26},"end":{"line":135,"column":4}},"locations":[{"start":{"line":132,"column":26},"end":{"line":135,"column":4}}]},"36":{"type":"branch","line":152,"loc":{"start":{"line":152,"column":46},"end":{"line":152,"column":73}},"locations":[{"start":{"line":152,"column":46},"end":{"line":152,"column":73}}]},"37":{"type":"branch","line":156,"loc":{"start":{"line":156,"column":44},"end":{"line":156,"column":69}},"locations":[{"start":{"line":156,"column":44},"end":{"line":156,"column":69}}]},"38":{"type":"branch","line":159,"loc":{"start":{"line":159,"column":44},"end":{"line":159,"column":69}},"locations":[{"start":{"line":159,"column":44},"end":{"line":159,"column":69}}]},"39":{"type":"branch","line":162,"loc":{"start":{"line":162,"column":44},"end":{"line":162,"column":69}},"locations":[{"start":{"line":162,"column":44},"end":{"line":162,"column":69}}]},"40":{"type":"branch","line":165,"loc":{"start":{"line":165,"column":46},"end":{"line":165,"column":73}},"locations":[{"start":{"line":165,"column":46},"end":{"line":165,"column":73}}]},"41":{"type":"branch","line":172,"loc":{"start":{"line":172,"column":44},"end":{"line":172,"column":69}},"locations":[{"start":{"line":172,"column":44},"end":{"line":172,"column":69}}]},"42":{"type":"branch","line":178,"loc":{"start":{"line":178,"column":46},"end":{"line":178,"column":73}},"locations":[{"start":{"line":178,"column":46},"end":{"line":178,"column":73}}]},"43":{"type":"branch","line":182,"loc":{"start":{"line":182,"column":44},"end":{"line":182,"column":69}},"locations":[{"start":{"line":182,"column":44},"end":{"line":182,"column":69}}]},"44":{"type":"branch","line":185,"loc":{"start":{"line":185,"column":44},"end":{"line":185,"column":69}},"locations":[{"start":{"line":185,"column":44},"end":{"line":185,"column":69}}]},"45":{"type":"branch","line":188,"loc":{"start":{"line":188,"column":44},"end":{"line":188,"column":69}},"locations":[{"start":{"line":188,"column":44},"end":{"line":188,"column":69}}]},"46":{"type":"branch","line":191,"loc":{"start":{"line":191,"column":46},"end":{"line":191,"column":73}},"locations":[{"start":{"line":191,"column":46},"end":{"line":191,"column":73}}]},"47":{"type":"branch","line":195,"loc":{"start":{"line":195,"column":49},"end":{"line":195,"column":74}},"locations":[{"start":{"line":195,"column":49},"end":{"line":195,"column":74}}]},"48":{"type":"branch","line":198,"loc":{"start":{"line":198,"column":44},"end":{"line":198,"column":69}},"locations":[{"start":{"line":198,"column":44},"end":{"line":198,"column":69}}]}},"b":{"0":[47],"1":[22],"2":[0],"3":[16],"4":[1],"5":[15],"6":[6],"7":[1],"8":[0],"9":[5],"10":[1],"11":[4],"12":[6],"13":[2],"14":[0],"15":[4],"16":[5],"17":[16],"18":[10],"19":[6],"20":[2],"21":[1],"22":[4],"23":[2],"24":[2],"25":[2],"26":[6],"27":[2],"28":[1],"29":[2],"30":[1],"31":[4],"32":[0],"33":[1],"34":[1],"35":[1],"36":[1],"37":[1],"38":[1],"39":[1],"40":[2],"41":[7],"42":[1],"43":[1],"44":[3],"45":[2],"46":[2],"47":[4],"48":[2]},"fnMap":{"0":{"name":"Calculator","decl":{"start":{"line":8,"column":0},"end":{"line":207,"column":1}},"loc":{"start":{"line":8,"column":0},"end":{"line":207,"column":1}},"line":8},"1":{"name":"handleNumber","decl":{"start":{"line":13,"column":23},"end":{"line":32,"column":4}},"loc":{"start":{"line":13,"column":23},"end":{"line":32,"column":4}},"line":13},"2":{"name":"handleOperator","decl":{"start":{"line":34,"column":25},"end":{"line":58,"column":4}},"loc":{"start":{"line":34,"column":25},"end":{"line":58,"column":4}},"line":34},"3":{"name":"evaluateExpression","decl":{"start":{"line":60,"column":29},"end":{"line":83,"column":4}},"loc":{"start":{"line":60,"column":29},"end":{"line":83,"column":4}},"line":60},"4":{"name":"getPrecedence","decl":{"start":{"line":85,"column":24},"end":{"line":86,"column":37}},"loc":{"start":{"line":85,"column":24},"end":{"line":86,"column":37}},"line":85},"5":{"name":"applyOperation","decl":{"start":{"line":88,"column":25},"end":{"line":107,"column":4}},"loc":{"start":{"line":88,"column":25},"end":{"line":107,"column":4}},"line":88},"6":{"name":"calculate","decl":{"start":{"line":109,"column":20},"end":{"line":119,"column":4}},"loc":{"start":{"line":109,"column":20},"end":{"line":119,"column":4}},"line":109},"7":{"name":"handleClear","decl":{"start":{"line":121,"column":22},"end":{"line":125,"column":4}},"loc":{"start":{"line":121,"column":22},"end":{"line":125,"column":4}},"line":121},"8":{"name":"handlePercentage","decl":{"start":{"line":127,"column":27},"end":{"line":130,"column":4}},"loc":{"start":{"line":127,"column":27},"end":{"line":130,"column":4}},"line":127},"9":{"name":"handlePlusMinus","decl":{"start":{"line":132,"column":26},"end":{"line":135,"column":4}},"loc":{"start":{"line":132,"column":26},"end":{"line":135,"column":4}},"line":132},"10":{"name":"onClick","decl":{"start":{"line":152,"column":46},"end":{"line":152,"column":73}},"loc":{"start":{"line":152,"column":46},"end":{"line":152,"column":73}},"line":152},"11":{"name":"onClick","decl":{"start":{"line":156,"column":44},"end":{"line":156,"column":69}},"loc":{"start":{"line":156,"column":44},"end":{"line":156,"column":69}},"line":156},"12":{"name":"onClick","decl":{"start":{"line":159,"column":44},"end":{"line":159,"column":69}},"loc":{"start":{"line":159,"column":44},"end":{"line":159,"column":69}},"line":159},"13":{"name":"onClick","decl":{"start":{"line":162,"column":44},"end":{"line":162,"column":69}},"loc":{"start":{"line":162,"column":44},"end":{"line":162,"column":69}},"line":162},"14":{"name":"onClick","decl":{"start":{"line":165,"column":46},"end":{"line":165,"column":73}},"loc":{"start":{"line":165,"column":46},"end":{"line":165,"column":73}},"line":165},"15":{"name":"onClick","decl":{"start":{"line":169,"column":44},"end":{"line":169,"column":69}},"loc":{"start":{"line":169,"column":44},"end":{"line":169,"column":69}},"line":169},"16":{"name":"onClick","decl":{"start":{"line":172,"column":44},"end":{"line":172,"column":69}},"loc":{"start":{"line":172,"column":44},"end":{"line":172,"column":69}},"line":172},"17":{"name":"onClick","decl":{"start":{"line":175,"column":44},"end":{"line":175,"column":69}},"loc":{"start":{"line":175,"column":44},"end":{"line":175,"column":69}},"line":175},"18":{"name":"onClick","decl":{"start":{"line":178,"column":46},"end":{"line":178,"column":73}},"loc":{"start":{"line":178,"column":46},"end":{"line":178,"column":73}},"line":178},"19":{"name":"onClick","decl":{"start":{"line":182,"column":44},"end":{"line":182,"column":69}},"loc":{"start":{"line":182,"column":44},"end":{"line":182,"column":69}},"line":182},"20":{"name":"onClick","decl":{"start":{"line":185,"column":44},"end":{"line":185,"column":69}},"loc":{"start":{"line":185,"column":44},"end":{"line":185,"column":69}},"line":185},"21":{"name":"onClick","decl":{"start":{"line":188,"column":44},"end":{"line":188,"column":69}},"loc":{"start":{"line":188,"column":44},"end":{"line":188,"column":69}},"line":188},"22":{"name":"onClick","decl":{"start":{"line":191,"column":46},"end":{"line":191,"column":73}},"loc":{"start":{"line":191,"column":46},"end":{"line":191,"column":73}},"line":191},"23":{"name":"onClick","decl":{"start":{"line":195,"column":49},"end":{"line":195,"column":74}},"loc":{"start":{"line":195,"column":49},"end":{"line":195,"column":74}},"line":195},"24":{"name":"onClick","decl":{"start":{"line":198,"column":44},"end":{"line":198,"column":69}},"loc":{"start":{"line":198,"column":44},"end":{"line":198,"column":69}},"line":198}},"f":{"0":47,"1":22,"2":6,"3":4,"4":4,"5":6,"6":4,"7":1,"8":1,"9":1,"10":1,"11":1,"12":1,"13":1,"14":2,"15":0,"16":7,"17":0,"18":1,"19":1,"20":3,"21":2,"22":2,"23":4,"24":2}}
}
